<?xml version="1.0" encoding="UTF-8"?>
<!-- Generated by org.testng.reporters.JUnitXMLReporter -->
<testsuite ignored="0" hostname="DESKTOP-BBKKRH3" failures="0" tests="7" name="Default test" time="0.145" errors="0" timestamp="2024-03-29T15:53:08 IST">
  <testcase classname="BaseClass.Base_Class" name="@BeforeMethod configBeforeMathod" time="-1.711707788568E9">
    <failure type="org.testng.TestNGException" message="
Parameter &amp;apos;browserName&amp;apos; is required by BeforeMethod on method configBeforeMathod but has not been marked @Optional or defined
in C:\Users\HP\AppData\Local\Temp\testng-eclipse-1630111128\testng-customsuite.xml">
      <![CDATA[org.testng.TestNGException: 
Parameter 'browserName' is required by BeforeMethod on method configBeforeMathod but has not been marked @Optional or defined
in C:\Users\HP\AppData\Local\Temp\testng-eclipse-1630111128\testng-customsuite.xml
at org.testng.internal.Parameters.createParams(Parameters.java:270)
at org.testng.internal.Parameters.createParametersForMethod(Parameters.java:358)
at org.testng.internal.Parameters.createParameters(Parameters.java:700)
at org.testng.internal.Parameters.createConfigurationParameters(Parameters.java:168)
at org.testng.internal.ConfigInvoker.invokeConfigurations(ConfigInvoker.java:302)
at org.testng.internal.TestInvoker.runConfigMethods(TestInvoker.java:700)
at org.testng.internal.TestInvoker.invokeMethod(TestInvoker.java:527)
at org.testng.internal.TestInvoker.invokeTestMethod(TestInvoker.java:173)
at org.testng.internal.MethodRunner.runInSequence(MethodRunner.java:46)
at org.testng.internal.TestInvoker$MethodInvocationAgent.invoke(TestInvoker.java:824)
at org.testng.internal.TestInvoker.invokeTestMethods(TestInvoker.java:146)
at org.testng.internal.TestMethodWorker.invokeTestMethods(TestMethodWorker.java:146)
at org.testng.internal.TestMethodWorker.run(TestMethodWorker.java:128)
at java.base/java.util.ArrayList.forEach(ArrayList.java:1596)
at org.testng.TestRunner.privateRun(TestRunner.java:794)
at org.testng.TestRunner.run(TestRunner.java:596)
at org.testng.SuiteRunner.runTest(SuiteRunner.java:377)
at org.testng.SuiteRunner.runSequentially(SuiteRunner.java:371)
at org.testng.SuiteRunner.privateRun(SuiteRunner.java:332)
at org.testng.SuiteRunner.run(SuiteRunner.java:276)
at org.testng.SuiteRunnerWorker.runSuite(SuiteRunnerWorker.java:53)
at org.testng.SuiteRunnerWorker.run(SuiteRunnerWorker.java:96)
at org.testng.TestNG.runSuitesSequentially(TestNG.java:1212)
at org.testng.TestNG.runSuitesLocally(TestNG.java:1134)
at org.testng.TestNG.runSuites(TestNG.java:1063)
at org.testng.TestNG.run(TestNG.java:1031)
at org.testng.remote.AbstractRemoteTestNG.run(AbstractRemoteTestNG.java:115)
at org.testng.remote.RemoteTestNG.initAndRun(RemoteTestNG.java:251)
at org.testng.remote.RemoteTestNG.main(RemoteTestNG.java:77)
]]>
    </failure>
  </testcase> <!-- @BeforeMethod configBeforeMathod -->
  <testcase classname="BaseClass.Base_Class" name="@AfterMethod tearDown" time="-1.711707788593E9">
    <skipped/>
  </testcase> <!-- @AfterMethod tearDown -->
  <testcase classname="BaseClass.Base_Class" name="@BeforeMethod configBeforeMathod" time="-1.711707788597E9">
    <skipped/>
  </testcase> <!-- @BeforeMethod configBeforeMathod -->
  <testcase classname="BaseClass.Base_Class" name="@AfterMethod tearDown" time="-1.711707788606E9">
    <skipped/>
  </testcase> <!-- @AfterMethod tearDown -->
  <testcase classname="BaseClass.Base_Class" name="@BeforeMethod configBeforeMathod" time="-1.711707788608E9">
    <skipped/>
  </testcase> <!-- @BeforeMethod configBeforeMathod -->
  <testcase classname="BaseClass.Base_Class" name="@AfterMethod tearDown" time="-1.711707788616E9">
    <skipped/>
  </testcase> <!-- @AfterMethod tearDown -->
  <testcase classname="BaseClass.Base_Class" name="@BeforeMethod configBeforeMathod" time="-1.711707788618E9">
    <skipped/>
  </testcase> <!-- @BeforeMethod configBeforeMathod -->
  <testcase classname="BaseClass.Base_Class" name="@AfterMethod tearDown" time="-1.711707788624E9">
    <skipped/>
  </testcase> <!-- @AfterMethod tearDown -->
  <testcase classname="BaseClass.Base_Class" name="@BeforeMethod configBeforeMathod" time="-1.711707788626E9">
    <skipped/>
  </testcase> <!-- @BeforeMethod configBeforeMathod -->
  <testcase classname="BaseClass.Base_Class" name="@AfterMethod tearDown" time="-1.711707788635E9">
    <skipped/>
  </testcase> <!-- @AfterMethod tearDown -->
  <testcase classname="BaseClass.Base_Class" name="@BeforeMethod configBeforeMathod" time="-1.711707788636E9">
    <skipped/>
  </testcase> <!-- @BeforeMethod configBeforeMathod -->
  <testcase classname="BaseClass.Base_Class" name="@AfterMethod tearDown" time="-1.711707788648E9">
    <skipped/>
  </testcase> <!-- @AfterMethod tearDown -->
  <testcase classname="BaseClass.Base_Class" name="@BeforeMethod configBeforeMathod" time="-1.711707788654E9">
    <skipped/>
  </testcase> <!-- @BeforeMethod configBeforeMathod -->
  <testcase classname="BaseClass.Base_Class" name="@AfterMethod tearDown" time="-1.711707788674E9">
    <skipped/>
  </testcase> <!-- @AfterMethod tearDown -->
  <testcase classname="TC.HomePage" name="test01" time="0.0">
    <skipped/>
  </testcase> <!-- test01 -->
  <testcase classname="TC.HomePage" name="test02" time="0.0">
    <skipped/>
  </testcase> <!-- test02 -->
  <testcase classname="TC.HomePage" name="test03" time="0.0">
    <skipped/>
  </testcase> <!-- test03 -->
  <testcase classname="TC.HomePage" name="test04" time="0.0">
    <skipped/>
  </testcase> <!-- test04 -->
  <testcase classname="TC.HomePage" name="test05" time="0.0">
    <skipped/>
  </testcase> <!-- test05 -->
  <testcase classname="TC.HomePage" name="test06" time="0.0">
    <skipped/>
  </testcase> <!-- test06 -->
  <testcase classname="TC.HomePage" name="test07" time="0.0">
    <skipped/>
  </testcase> <!-- test07 -->
</testsuite> <!-- Default test -->
